# JRE version: OpenJDK Runtime Environment (11.0.11) (build 11.0.11+0-b60-7590822)
# Java VM: OpenJDK 64-Bit Server VM (11.0.11+0-b60-7590822, mixed mode, tiered, compressed oops, g1 gc, linux-amd64)
Heap:
 garbage-first heap   total 256000K, used 105163K [0x0000000080000000, 0x0000000100000000)
  region size 1024K, 12 young (12288K), 5 survivors (5120K)
 Metaspace       used 127109K, capacity 131080K, committed 131232K, reserved 1163264K
  class space    used 15868K, capacity 17377K, committed 17484K, reserved 1048576K
GC Heap History (20 events):
Event: 5843.987 GC heap before
{Heap before GC invocations=38 (full 0):
 garbage-first heap   total 256000K, used 217456K [0x0000000080000000, 0x0000000100000000)
  region size 1024K, 93 young (95232K), 2 survivors (2048K)
 Metaspace       used 124900K, capacity 128665K, committed 128928K, reserved 1161216K
  class space    used 15664K, capacity 17053K, committed 17228K, reserved 1048576K
}
Event: 5844.034 GC heap after
{Heap after GC invocations=39 (full 0):
 garbage-first heap   total 256000K, used 115547K [0x0000000080000000, 0x0000000100000000)
  region size 1024K, 9 young (9216K), 9 survivors (9216K)
 Metaspace       used 124900K, capacity 128665K, committed 128928K, reserved 1161216K
  class space    used 15664K, capacity 17053K, committed 17228K, reserved 1048576K
}
Event: 5844.051 GC heap before
{Heap before GC invocations=39 (full 0):
 garbage-first heap   total 256000K, used 118619K [0x0000000080000000, 0x0000000100000000)
  region size 1024K, 12 young (12288K), 9 survivors (9216K)
 Metaspace       used 124902K, capacity 128665K, committed 128928K, reserved 1161216K
  class space    used 15664K, capacity 17053K, committed 17228K, reserved 1048576K
}
Event: 5844.108 GC heap after
{Heap after GC invocations=40 (full 0):
 garbage-first heap   total 256000K, used 103934K [0x0000000080000000, 0x0000000100000000)
  region size 1024K, 1 young (1024K), 1 survivors (1024K)
 Metaspace       used 124902K, capacity 128665K, committed 128928K, reserved 1161216K
  class space    used 15664K, capacity 17053K, committed 17228K, reserved 1048576K
}
Event: 5844.154 GC heap before
{Heap before GC invocations=40 (full 0):
 garbage-first heap   total 256000K, used 114174K [0x0000000080000000, 0x0000000100000000)
  region size 1024K, 12 young (12288K), 1 survivors (1024K)
 Metaspace       used 124903K, capacity 128665K, committed 128928K, reserved 1161216K
  class space    used 15664K, capacity 17053K, committed 17228K, reserved 1048576K
}
Event: 5844.170 GC heap after
{Heap after GC invocations=41 (full 0):
 garbage-first heap   total 256000K, used 103875K [0x0000000080000000, 0x0000000100000000)
  region size 1024K, 1 young (1024K), 1 survivors (1024K)
 Metaspace       used 124903K, capacity 128665K, committed 128928K, reserved 1161216K
  class space    used 15664K, capacity 17053K, committed 17228K, reserved 1048576K
}
Event: 6772.926 GC heap before
{Heap before GC invocations=42 (full 0):
 garbage-first heap   total 256000K, used 239043K [0x0000000080000000, 0x0000000100000000)
  region size 1024K, 101 young (103424K), 1 survivors (1024K)
 Metaspace       used 125235K, capacity 129032K, committed 129184K, reserved 1161216K
  class space    used 15704K, capacity 17126K, committed 17228K, reserved 1048576K
}
Event: 6772.945 GC heap after
{Heap after GC invocations=43 (full 0):
 garbage-first heap   total 256000K, used 109568K [0x0000000080000000, 0x0000000100000000)
  region size 1024K, 6 young (6144K), 6 survivors (6144K)
 Metaspace       used 125235K, capacity 129032K, committed 129184K, reserved 1161216K
  class space    used 15704K, capacity 17126K, committed 17228K, reserved 1048576K
}
Event: 6772.987 GC heap before
{Heap before GC invocations=43 (full 0):
 garbage-first heap   total 256000K, used 115712K [0x0000000080000000, 0x0000000100000000)
  region size 1024K, 12 young (12288K), 6 survivors (6144K)
 Metaspace       used 125247K, capacity 129032K, committed 129184K, reserved 1161216K
  class space    used 15704K, capacity 17126K, committed 17228K, reserved 1048576K
}
Event: 6773.006 GC heap after
{Heap after GC invocations=44 (full 0):
 garbage-first heap   total 256000K, used 104357K [0x0000000080000000, 0x0000000100000000)
  region size 1024K, 1 young (1024K), 1 survivors (1024K)
 Metaspace       used 125247K, capacity 129032K, committed 129184K, reserved 1161216K
  class space    used 15704K, capacity 17126K, committed 17228K, reserved 1048576K
}
Event: 6774.966 GC heap before
{Heap before GC invocations=44 (full 0):
 garbage-first heap   total 256000K, used 169893K [0x0000000080000000, 0x0000000100000000)
  region size 1024K, 67 young (68608K), 1 survivors (1024K)
 Metaspace       used 125706K, capacity 129720K, committed 129824K, reserved 1161216K
  class space    used 15772K, capacity 17252K, committed 17356K, reserved 1048576K
}
Event: 6775.016 GC heap after
{Heap after GC invocations=45 (full 0):
 garbage-first heap   total 256000K, used 107540K [0x0000000080000000, 0x0000000100000000)
  region size 1024K, 4 young (4096K), 4 survivors (4096K)
 Metaspace       used 125706K, capacity 129720K, committed 129824K, reserved 1161216K
  class space    used 15772K, capacity 17252K, committed 17356K, reserved 1048576K
}
Event: 6851.526 GC heap before
{Heap before GC invocations=46 (full 0):
 garbage-first heap   total 256000K, used 222228K [0x0000000080000000, 0x0000000100000000)
  region size 1024K, 97 young (99328K), 4 survivors (4096K)
 Metaspace       used 125869K, capacity 129866K, committed 130080K, reserved 1163264K
  class space    used 15762K, capacity 17233K, committed 17356K, reserved 1048576K
}
Event: 6851.532 GC heap after
{Heap after GC invocations=47 (full 0):
 garbage-first heap   total 256000K, used 105669K [0x0000000080000000, 0x0000000100000000)
  region size 1024K, 3 young (3072K), 3 survivors (3072K)
 Metaspace       used 125869K, capacity 129866K, committed 130080K, reserved 1163264K
  class space    used 15762K, capacity 17233K, committed 17356K, reserved 1048576K
}
Event: 7228.276 GC heap before
{Heap before GC invocations=47 (full 0):
 garbage-first heap   total 256000K, used 113861K [0x0000000080000000, 0x0000000100000000)
  region size 1024K, 12 young (12288K), 3 survivors (3072K)
 Metaspace       used 125869K, capacity 129866K, committed 130080K, reserved 1163264K
  class space    used 15762K, capacity 17233K, committed 17356K, reserved 1048576K
}
Event: 7228.286 GC heap after
{Heap after GC invocations=48 (full 0):
 garbage-first heap   total 256000K, used 95211K [0x0000000080000000, 0x0000000100000000)
  region size 1024K, 1 young (1024K), 1 survivors (1024K)
 Metaspace       used 125869K, capacity 129866K, committed 130080K, reserved 1163264K
  class space    used 15762K, capacity 17233K, committed 17356K, reserved 1048576K
}
Event: 7374.016 GC heap before
{Heap before GC invocations=48 (full 0):
 garbage-first heap   total 256000K, used 200683K [0x0000000080000000, 0x0000000100000000)
  region size 1024K, 105 young (107520K), 1 survivors (1024K)
 Metaspace       used 126121K, capacity 130130K, committed 130336K, reserved 1163264K
  class space    used 15763K, capacity 17234K, committed 17356K, reserved 1048576K
}
Event: 7374.038 GC heap after
{Heap after GC invocations=49 (full 0):
 garbage-first heap   total 256000K, used 99811K [0x0000000080000000, 0x0000000100000000)
  region size 1024K, 5 young (5120K), 5 survivors (5120K)
 Metaspace       used 126121K, capacity 130130K, committed 130336K, reserved 1163264K
  class space    used 15763K, capacity 17234K, committed 17356K, reserved 1048576K
}
Event: 7389.444 GC heap before
{Heap before GC invocations=50 (full 0):
 garbage-first heap   total 256000K, used 204259K [0x0000000080000000, 0x0000000100000000)
  region size 1024K, 108 young (110592K), 5 survivors (5120K)
 Metaspace       used 127094K, capacity 131080K, committed 131232K, reserved 1163264K
  class space    used 15868K, capacity 17377K, committed 17484K, reserved 1048576K
}
Event: 7389.474 GC heap after
{Heap after GC invocations=51 (full 0):
 garbage-first heap   total 256000K, used 99019K [0x0000000080000000, 0x0000000100000000)
  region size 1024K, 5 young (5120K), 5 survivors (5120K)
 Metaspace       used 127094K, capacity 131080K, committed 131232K, reserved 1163264K
  class space    used 15868K, capacity 17377K, committed 17484K, reserved 1048576K
}

